<?xml version="1.0" encoding="UTF-8"?>
<!-- Generated by org.testng.reporters.JUnitXMLReporter -->
<testsuite ignored="0" hostname="Aryans-MacBook-Pro.local" failures="0" tests="3" name="Surefire test" time="30.86" errors="0" timestamp="2025-05-03T16:35:01 IST">
  <testcase classname="testCases.TC002_LoginTest" name="verify_login" time="1.562"/>
  <testcase classname="testCases.TC001_RegistrationTest" name="verify_registration" time="2.027"/>
  <testcase classname="testCases.TC003_SearchTest" name="verify_search" time="9.887"/>
</testsuite> <!-- Surefire test -->
