<?xml version="1.0" encoding="UTF-8"?>
<!-- Generated by org.testng.reporters.JUnitXMLReporter -->
<testsuite ignored="0" hostname="Aryans-MacBook-Pro.local" failures="0" tests="3" name="MyTest" time="43.351" errors="0" timestamp="2025-05-02T21:18:09 IST">
  <testcase classname="testCases.TC001_RegistrationTest" name="verify_registration" time="2.039"/>
  <testcase classname="testCases.TC002_LoginTest" name="verify_login" time="1.234"/>
  <testcase classname="testCases.TC003_SearchTest" name="verify_search" time="9.744"/>
</testsuite> <!-- MyTest -->
