<?xml version="1.0" encoding="UTF-8"?>
<testng-results ignored="0" total="3" passed="3" failed="0" skipped="0">
  <reporter-output>
  </reporter-output>
  <suite started-at="2025-05-03T16:34:30 IST" name="Surefire suite" finished-at="2025-05-03T16:35:01 IST" duration-ms="30860">
    <groups>
      <group name="Sanity">
        <method signature="TC001_RegistrationTest.verify_registration()[pri:0, instance:testCases.TC001_RegistrationTest@5dd6264]" name="verify_registration" class="testCases.TC001_RegistrationTest"/>
        <method signature="TC002_LoginTest.verify_login()[pri:0, instance:testCases.TC002_LoginTest@78aab498]" name="verify_login" class="testCases.TC002_LoginTest"/>
      </group> <!-- Sanity -->
      <group name="Regression">
        <method signature="TC001_RegistrationTest.verify_registration()[pri:0, instance:testCases.TC001_RegistrationTest@5dd6264]" name="verify_registration" class="testCases.TC001_RegistrationTest"/>
        <method signature="TC002_LoginTest.verify_login()[pri:0, instance:testCases.TC002_LoginTest@78aab498]" name="verify_login" class="testCases.TC002_LoginTest"/>
        <method signature="TC003_SearchTest.verify_search()[pri:0, instance:testCases.TC003_SearchTest@1ffe63b9]" name="verify_search" class="testCases.TC003_SearchTest"/>
      </group> <!-- Regression -->
    </groups>
    <test started-at="2025-05-03T16:34:30 IST" name="Surefire test" finished-at="2025-05-03T16:35:01 IST" duration-ms="30860">
      <class name="testCases.TC001_RegistrationTest">
        <test-method is-config="true" signature="setup()[pri:0, instance:testCases.TC001_RegistrationTest@5dd6264]" started-at="2025-05-03T16:34:43 IST" name="setup" finished-at="2025-05-03T16:34:46 IST" duration-ms="2869" status="PASS">
          <reporter-output>
          </reporter-output>
        </test-method> <!-- setup -->
        <test-method signature="verify_registration()[pri:0, instance:testCases.TC001_RegistrationTest@5dd6264]" started-at="2025-05-03T16:34:46 IST" name="verify_registration" finished-at="2025-05-03T16:34:48 IST" duration-ms="2027" status="PASS">
          <reporter-output>
          </reporter-output>
        </test-method> <!-- verify_registration -->
        <test-method is-config="true" signature="tearDown()[pri:0, instance:testCases.TC001_RegistrationTest@5dd6264]" started-at="2025-05-03T16:34:48 IST" name="tearDown" finished-at="2025-05-03T16:34:48 IST" duration-ms="157" status="PASS">
          <reporter-output>
          </reporter-output>
        </test-method> <!-- tearDown -->
      </class> <!-- testCases.TC001_RegistrationTest -->
      <class name="testCases.TC002_LoginTest">
        <test-method is-config="true" signature="setup()[pri:0, instance:testCases.TC002_LoginTest@78aab498]" started-at="2025-05-03T16:34:30 IST" name="setup" finished-at="2025-05-03T16:34:42 IST" duration-ms="11079" status="PASS">
          <reporter-output>
          </reporter-output>
        </test-method> <!-- setup -->
        <test-method signature="verify_login()[pri:0, instance:testCases.TC002_LoginTest@78aab498]" started-at="2025-05-03T16:34:42 IST" name="verify_login" finished-at="2025-05-03T16:34:43 IST" duration-ms="1562" status="PASS">
          <reporter-output>
          </reporter-output>
        </test-method> <!-- verify_login -->
        <test-method is-config="true" signature="tearDown()[pri:0, instance:testCases.TC002_LoginTest@78aab498]" started-at="2025-05-03T16:34:43 IST" name="tearDown" finished-at="2025-05-03T16:34:43 IST" duration-ms="144" status="PASS">
          <reporter-output>
          </reporter-output>
        </test-method> <!-- tearDown -->
      </class> <!-- testCases.TC002_LoginTest -->
      <class name="testCases.TC003_SearchTest">
        <test-method is-config="true" signature="setup()[pri:0, instance:testCases.TC003_SearchTest@1ffe63b9]" started-at="2025-05-03T16:34:48 IST" name="setup" finished-at="2025-05-03T16:34:51 IST" duration-ms="2921" status="PASS">
          <reporter-output>
          </reporter-output>
        </test-method> <!-- setup -->
        <test-method signature="verify_search()[pri:0, instance:testCases.TC003_SearchTest@1ffe63b9]" started-at="2025-05-03T16:34:51 IST" name="verify_search" finished-at="2025-05-03T16:35:01 IST" duration-ms="9887" status="PASS">
          <reporter-output>
          </reporter-output>
        </test-method> <!-- verify_search -->
        <test-method is-config="true" signature="tearDown()[pri:0, instance:testCases.TC003_SearchTest@1ffe63b9]" started-at="2025-05-03T16:35:01 IST" name="tearDown" finished-at="2025-05-03T16:35:01 IST" duration-ms="171" status="PASS">
          <reporter-output>
          </reporter-output>
        </test-method> <!-- tearDown -->
      </class> <!-- testCases.TC003_SearchTest -->
    </test> <!-- Surefire test -->
  </suite> <!-- Surefire suite -->
</testng-results>
