<?xml version="1.0" encoding="UTF-8"?>
<testng-results ignored="8" total="9" passed="1" failed="0" skipped="0">
  <reporter-output>
  </reporter-output>
  <suite started-at="2025-06-21T01:25:41 IST" name="Master Suite" finished-at="2025-06-21T01:25:59 IST" duration-ms="18831">
    <groups>
      <group name="Demo">
        <method signature="TC009_E2ECheckout.verify_e2eCheckout()[pri:0, instance:testCases.TC009_E2ECheckout@6572421]" name="verify_e2eCheckout" class="testCases.TC009_E2ECheckout"/>
      </group> <!-- Demo -->
    </groups>
    <test started-at="2025-06-21T01:25:41 IST" name="MyTest" finished-at="2025-06-21T01:25:59 IST" duration-ms="18831">
      <class name="testCases.TC009_E2ECheckout">
        <test-method is-config="true" signature="setup()[pri:0, instance:testCases.TC009_E2ECheckout@6572421]" started-at="2025-06-21T01:25:41 IST" name="setup" finished-at="2025-06-21T01:25:48 IST" duration-ms="7202" status="PASS">
          <reporter-output>
          </reporter-output>
        </test-method> <!-- setup -->
        <test-method signature="verify_e2eCheckout()[pri:0, instance:testCases.TC009_E2ECheckout@6572421]" started-at="2025-06-21T01:25:48 IST" name="verify_e2eCheckout" finished-at="2025-06-21T01:25:59 IST" duration-ms="11323" status="PASS">
          <reporter-output>
          </reporter-output>
        </test-method> <!-- verify_e2eCheckout -->
        <test-method is-config="true" signature="tearDown()[pri:0, instance:testCases.TC009_E2ECheckout@6572421]" started-at="2025-06-21T01:25:59 IST" name="tearDown" finished-at="2025-06-21T01:25:59 IST" duration-ms="240" status="PASS">
          <reporter-output>
          </reporter-output>
        </test-method> <!-- tearDown -->
      </class> <!-- testCases.TC009_E2ECheckout -->
    </test> <!-- MyTest -->
  </suite> <!-- Master Suite -->
</testng-results>
