<?xml version="1.0" encoding="UTF-8"?>
<testng-results ignored="6" total="7" passed="1" failed="0" skipped="0">
  <reporter-output>
  </reporter-output>
  <suite started-at="2025-05-16T23:38:07 IST" name="Master Suite" finished-at="2025-05-16T23:38:24 IST" duration-ms="16470">
    <groups>
      <group name="Demo">
        <method signature="TC007_EditAccountInfo.verify_editAccountInfo()[pri:0, instance:testCases.TC007_EditAccountInfo@6356695f]" name="verify_editAccountInfo" class="testCases.TC007_EditAccountInfo"/>
      </group> <!-- Demo -->
    </groups>
    <test started-at="2025-05-16T23:38:07 IST" name="MyTest" finished-at="2025-05-16T23:38:24 IST" duration-ms="16470">
      <class name="testCases.TC007_EditAccountInfo">
        <test-method is-config="true" signature="setup()[pri:0, instance:testCases.TC007_EditAccountInfo@6356695f]" started-at="2025-05-16T23:38:07 IST" name="setup" finished-at="2025-05-16T23:38:16 IST" duration-ms="8503" status="PASS">
          <reporter-output>
          </reporter-output>
        </test-method> <!-- setup -->
        <test-method signature="verify_editAccountInfo()[pri:0, instance:testCases.TC007_EditAccountInfo@6356695f]" started-at="2025-05-16T23:38:16 IST" name="verify_editAccountInfo" finished-at="2025-05-16T23:38:24 IST" duration-ms="7913" status="PASS">
          <reporter-output>
          </reporter-output>
        </test-method> <!-- verify_editAccountInfo -->
      </class> <!-- testCases.TC007_EditAccountInfo -->
    </test> <!-- MyTest -->
  </suite> <!-- Master Suite -->
</testng-results>
